2021-02-28T12:58:15+00:00 CRITICAL Uncaught Error: Unknown named parameter $tasks_meta_id in D:\Software\xampp\htdocs\haruko_shop\wp-includes\class-wp-hook.php:287
Stack trace:
#0 D:\Software\xampp\htdocs\haruko_shop\wp-includes\class-wp-hook.php(311): WP_Hook->apply_filters('', Array)
#1 D:\Software\xampp\htdocs\haruko_shop\wp-includes\plugin.php(551): WP_Hook->do_action(Array)
#2 D:\Software\xampp\htdocs\haruko_shop\wp-content\plugins\woocommerce\packages\action-scheduler\classes\actions\ActionScheduler_Action.php(22): do_action_ref_array('wpforms_email_s...', Array)
#3 D:\Software\xampp\htdocs\haruko_shop\wp-content\plugins\woocommerce\packages\action-scheduler\classes\abstracts\ActionScheduler_Abstract_QueueRunner.php(65): ActionScheduler_Action->execute()
#4 D:\Software\xampp\htdocs\haruko_shop\wp-content\plugins\woocommerce\packages\action-scheduler\classes\ActionScheduler_QueueRunner.php(162): ActionScheduler_Abstract_QueueRunner->process_action(17, 'WP Cron')
#5 D:\Software\xampp\htdocs\haruko_shop\wp-content\plugins\woocommerce\packages\action-scheduler\classes\ActionScheduler_QueueRunner.php(132): ActionScheduler_QueueRunner->do_batch(25, 'WP Cron')
#6 D:\Software\xampp\htdocs\haruko_shop\wp-includes\class-wp-hook.php(287): ActionScheduler_QueueRunner->run('WP Cron')
#7 D:\Software\xampp\htdocs\haruko_shop\wp-includes\class-wp-hook.php(311): WP_Hook->apply_filters('', Array)
#8 D:\Software\xampp\htdocs\haruko_shop\wp-includes\plugin.php(551): WP_Hook->do_action(Array)
#9 D:\Software\xampp\htdocs\haruko_shop\wp-cron.php(138): do_action_ref_array('action_schedule...', Array)
#10 {main}
  thrown in D:\Software\xampp\htdocs\haruko_shop\wp-includes\class-wp-hook.php on line 287

2021-02-28T12:59:03+00:00 CRITICAL Uncaught Error: Unknown named parameter $tasks_meta_id in D:\Software\xampp\htdocs\haruko_shop\wp-includes\class-wp-hook.php:287
Stack trace:
#0 D:\Software\xampp\htdocs\haruko_shop\wp-includes\class-wp-hook.php(311): WP_Hook->apply_filters('', Array)
#1 D:\Software\xampp\htdocs\haruko_shop\wp-includes\plugin.php(551): WP_Hook->do_action(Array)
#2 D:\Software\xampp\htdocs\haruko_shop\wp-content\plugins\woocommerce\packages\action-scheduler\classes\actions\ActionScheduler_Action.php(22): do_action_ref_array('wpforms_process...', Array)
#3 D:\Software\xampp\htdocs\haruko_shop\wp-content\plugins\woocommerce\packages\action-scheduler\classes\abstracts\ActionScheduler_Abstract_QueueRunner.php(65): ActionScheduler_Action->execute()
#4 D:\Software\xampp\htdocs\haruko_shop\wp-content\plugins\woocommerce\packages\action-scheduler\classes\ActionScheduler_QueueRunner.php(162): ActionScheduler_Abstract_QueueRunner->process_action(177, 'Async Request')
#5 D:\Software\xampp\htdocs\haruko_shop\wp-content\plugins\woocommerce\packages\action-scheduler\classes\ActionScheduler_QueueRunner.php(132): ActionScheduler_QueueRunner->do_batch(25, 'Async Request')
#6 D:\Software\xampp\htdocs\haruko_shop\wp-includes\class-wp-hook.php(287): ActionScheduler_QueueRunner->run('Async Request')
#7 D:\Software\xampp\htdocs\haruko_shop\wp-includes\class-wp-hook.php(311): WP_Hook->apply_filters('', Array)
#8 D:\Software\xampp\htdocs\haruko_shop\wp-includes\plugin.php(484): WP_Hook->do_action(Array)
#9 D:\Software\xampp\htdocs\haruko_shop\wp-content\plugins\woocommerce\packages\action-scheduler\classes\ActionScheduler_AsyncRequest_QueueRunner.php(52): do_action('action_schedule...', 'Async Request')
#10 D:\Software\xampp\htdocs\haruko_shop\wp-content\plugins\woocommerce\includes\libraries\wp-async-request.php(147): ActionScheduler_AsyncRequest_QueueRunner->handle()
#11 D:\Software\xampp\htdocs\haruko_shop\wp-includes\class-wp-hook.php(287): WP_Async_Request->maybe_handle('')
#12 D:\Software\xampp\htdocs\haruko_shop\wp-includes\class-wp-hook.php(311): WP_Hook->apply_filters('', Array)
#13 D:\Software\xampp\htdocs\haruko_shop\wp-includes\plugin.php(484): WP_Hook->do_action(Array)
#14 D:\Software\xampp\htdocs\haruko_shop\wp-admin\admin-ajax.php(199): do_action('wp_ajax_nopriv_...')
#15 {main}
  thrown in D:\Software\xampp\htdocs\haruko_shop\wp-includes\class-wp-hook.php on line 287

